1636901344283	geckodriver	INFO	Listening on 127.0.0.1:57157
1636901347367	mozrunner::runner	INFO	Running command: "C:\\Program Files\\Mozilla Firefox\\firefox.exe" "--marionette" "--headless" "--remote-debugging-port" "57158" "-no-remote" "-profile" "C:\\Users\\Aaron\\AppData\\Local\\Temp\\rust_mozprofilehA2XiM"
*** You are running in headless mode.
1636901347663	Marionette	INFO	Marionette enabled
[GFX1-]: RenderCompositorSWGL failed mapping default framebuffer, no dt
console.warn: SearchSettings: "get: No settings file exists, new profile?" (new NotFoundError("Could not open the file at C:\\Users\\Aaron\\AppData\\Local\\Temp\\rust_mozprofilehA2XiM\\search.json.mozlz4", (void 0)))
DevTools listening on ws://localhost:57158/devtools/browser/e418753d-2e20-4cf5-95ed-d3bfc8b96efc
1636901348621	Marionette	INFO	Listening on port 57163
1636901348911	RemoteAgent	WARN	TLS certificate errors will be ignored for this session
1636901350669	Marionette	INFO	Stopped listening on port 57163

###!!! [Child][RunMessage] Error: Channel closing: too late to send/recv, messages will be lost


###!!! [Child][RunMessage] Error: Channel closing: too late to send/recv, messages will be lost


###!!! [Child][RunMessage] Error: Channel closing: too late to send/recv, messages will be lost


###!!! [Child][RunMessage] Error: Channel closing: too late to send/recv, messages will be lost


###!!! [Child][RunMessage] Error: Channel closing: too late to send/recv, messages will be lost


###!!! [Child][RunMessage] Error: Channel closing: too late to send/recv, messages will be lost


###!!! [Child][RunMessage] Error: Channel closing: too late to send/recv, messages will be lost


###!!! [Child][RunMessage] Error: Channel closing: too late to send/recv, messages will be lost


###!!! [Child][RunMessage] Error: Channel closing: too late to send/recv, messages will be lost


###!!! [Child][RunMessage] Error: Channel closing: too late to send/recv, messages will be lost


###!!! [Child][RunMessage] Error: Channel closing: too late to send/recv, messages will be lost


###!!! [Child][RunMessage] Error: Channel closing: too late to send/recv, messages will be lost


###!!! [Child][RunMessage] Error: Channel closing: too late to send/recv, messages will be lost


###!!! [Child][RunMessage] Error: Channel closing: too late to send/recv, messages will be lost


###!!! [Child][RunMessage] Error: Channel closing: too late to send/recv, messages will be lost


###!!! [Child][RunMessage] Error: Channel closing: too late to send/recv, messages will be lost


###!!! [Child][RunMessage] Error: Channel closing: too late to send/recv, messages will be lost


###!!! [Child][RunMessage] Error: Channel closing: too late to send/recv, messages will be lost


###!!! [Child][MessageChannel] Error: (msgtype=0x390145,name=PContent::Msg_ScriptError) Channel closing: too late to send/recv, messages will be lost


###!!! [Child][MessageChannel] Error: (msgtype=0x390145,name=PContent::Msg_ScriptError) Channel closing: too late to send/recv, messages will be lost


###!!! [Child][RunMessage] Error: Channel closing: too late to send/recv, messages will be lost


###!!! [Child][MessageChannel] Error: (msgtype=0x390145,name=PContent::Msg_ScriptError) Channel closing: too late to send/recv, messages will be lost


###!!! [Child][MessageChannel] Error: (msgtype=0x390145,name=PContent::Msg_ScriptError) Channel closing: too late to send/recv, messages will be lost


###!!! [Child][MessageChannel] Error: (msgtype=0x390145,name=PContent::Msg_ScriptError) Channel closing: too late to send/recv, messages will be lost


###!!! [Child][RunMessage] Error: Channel closing: too late to send/recv, messages will be lost


###!!! [Child][RunMessage] Error: Channel closing: too late to send/recv, messages will be lost


###!!! [Child][RunMessage] Error: Channel closing: too late to send/recv, messages will be lost


###!!! [Child][RunMessage] Error: Channel closing: too late to send/recv, messages will be lost


###!!! [Child][RunMessage] Error: Channel closing: too late to send/recv, messages will be lost


###!!! [Child][MessageChannel] Error: (msgtype=0x390145,name=PContent::Msg_ScriptError) Channel closing: too late to send/recv, messages will be lost


###!!! [Parent][MessageChannel] Error: (msgtype=0x39007A,name=PContent::Msg_DestroyBrowsingContextGroup) Closed channel: cannot send/recv

JavaScript error: resource://gre/modules/Sqlite.jsm, line 1059: Error: Sqlite.jsm has been shutdown. Cannot open connection to: C:\Users\Aaron\AppData\Local\Temp\rust_mozprofilehA2XiM\protections.sqlite

###!!! [Child][RunMessage] Error: Channel closing: too late to send/recv, messages will be lost


###!!! [Parent][RunMessage] Error: Channel closing: too late to send/recv, messages will be lost

1636901899602	geckodriver	INFO	Listening on 127.0.0.1:51879
1636901902682	mozrunner::runner	INFO	Running command: "C:\\Program Files\\Mozilla Firefox\\firefox.exe" "--marionette" "--headless" "--remote-debugging-port" "51880" "-no-remote" "-profile" "C:\\Users\\Aaron\\AppData\\Local\\Temp\\rust_mozprofileemuCRV"
*** You are running in headless mode.
1636901902929	Marionette	INFO	Marionette enabled
[GFX1-]: RenderCompositorSWGL failed mapping default framebuffer, no dt
console.warn: SearchSettings: "get: No settings file exists, new profile?" (new NotFoundError("Could not open the file at C:\\Users\\Aaron\\AppData\\Local\\Temp\\rust_mozprofileemuCRV\\search.json.mozlz4", (void 0)))
DevTools listening on ws://localhost:51880/devtools/browser/cd743601-6fda-4987-816a-177561ab9ac2
1636901903801	Marionette	INFO	Listening on port 51885
1636901904224	RemoteAgent	WARN	TLS certificate errors will be ignored for this session
1636901905437	Marionette	INFO	Stopped listening on port 51885

###!!! [Parent][RunMessage] Error: Channel closing: too late to send/recv, messages will be lost

1636901928489	geckodriver	INFO	Listening on 127.0.0.1:51939
1636901931551	mozrunner::runner	INFO	Running command: "C:\\Program Files\\Mozilla Firefox\\firefox.exe" "--marionette" "--headless" "--remote-debugging-port" "51940" "-no-remote" "-profile" "C:\\Users\\Aaron\\AppData\\Local\\Temp\\rust_mozprofileP9lY9Q"
*** You are running in headless mode.
1636901931792	Marionette	INFO	Marionette enabled
[GFX1-]: RenderCompositorSWGL failed mapping default framebuffer, no dt
console.warn: SearchSettings: "get: No settings file exists, new profile?" (new NotFoundError("Could not open the file at C:\\Users\\Aaron\\AppData\\Local\\Temp\\rust_mozprofileP9lY9Q\\search.json.mozlz4", (void 0)))
DevTools listening on ws://localhost:51940/devtools/browser/424cf8ce-0fb4-4862-a3db-d84f50d06293
1636901932665	Marionette	INFO	Listening on port 51945
1636901933098	RemoteAgent	WARN	TLS certificate errors will be ignored for this session
1636901934102	Marionette	INFO	Stopped listening on port 51945

###!!! [Parent][RunMessage] Error: Channel closing: too late to send/recv, messages will be lost

1636902557799	geckodriver	INFO	Listening on 127.0.0.1:57667
1636902560854	mozrunner::runner	INFO	Running command: "C:\\Program Files\\Mozilla Firefox\\firefox.exe" "--marionette" "--headless" "--remote-debugging-port" "57668" "-no-remote" "-profile" "C:\\Users\\Aaron\\AppData\\Local\\Temp\\rust_mozprofile1VlZdF"
*** You are running in headless mode.
1636902561094	Marionette	INFO	Marionette enabled
[GFX1-]: RenderCompositorSWGL failed mapping default framebuffer, no dt
console.warn: SearchSettings: "get: No settings file exists, new profile?" (new NotFoundError("Could not open the file at C:\\Users\\Aaron\\AppData\\Local\\Temp\\rust_mozprofile1VlZdF\\search.json.mozlz4", (void 0)))
DevTools listening on ws://localhost:57668/devtools/browser/3f9db28f-3aa2-4311-b990-6b6808d55baf
1636902561964	Marionette	INFO	Listening on port 57673
1636902562390	RemoteAgent	WARN	TLS certificate errors will be ignored for this session
1636902563717	Marionette	INFO	Stopped listening on port 57673
1636902578930	geckodriver	INFO	Listening on 127.0.0.1:57717
1636902581997	mozrunner::runner	INFO	Running command: "C:\\Program Files\\Mozilla Firefox\\firefox.exe" "--marionette" "--headless" "--remote-debugging-port" "57718" "-no-remote" "-profile" "C:\\Users\\Aaron\\AppData\\Local\\Temp\\rust_mozprofileGPa9Bq"
*** You are running in headless mode.
1636902582241	Marionette	INFO	Marionette enabled
[GFX1-]: RenderCompositorSWGL failed mapping default framebuffer, no dt
console.warn: SearchSettings: "get: No settings file exists, new profile?" (new NotFoundError("Could not open the file at C:\\Users\\Aaron\\AppData\\Local\\Temp\\rust_mozprofileGPa9Bq\\search.json.mozlz4", (void 0)))
DevTools listening on ws://localhost:57718/devtools/browser/8a0b7119-d1b1-45fb-9b20-a62c2fd0d1c9
1636902583210	Marionette	INFO	Listening on port 57723
1636902583547	RemoteAgent	WARN	TLS certificate errors will be ignored for this session
1636902584812	Marionette	INFO	Stopped listening on port 57723

###!!! [Parent][RunMessage] Error: Channel closing: too late to send/recv, messages will be lost

1636902617342	geckodriver	INFO	Listening on 127.0.0.1:57869
1636902620386	mozrunner::runner	INFO	Running command: "C:\\Program Files\\Mozilla Firefox\\firefox.exe" "--marionette" "--headless" "--remote-debugging-port" "57870" "-no-remote" "-profile" "C:\\Users\\Aaron\\AppData\\Local\\Temp\\rust_mozprofileXnhHFc"
*** You are running in headless mode.
1636902620639	Marionette	INFO	Marionette enabled
[GFX1-]: RenderCompositorSWGL failed mapping default framebuffer, no dt
console.warn: SearchSettings: "get: No settings file exists, new profile?" (new NotFoundError("Could not open the file at C:\\Users\\Aaron\\AppData\\Local\\Temp\\rust_mozprofileXnhHFc\\search.json.mozlz4", (void 0)))
DevTools listening on ws://localhost:57870/devtools/browser/80e2ee00-c04c-421a-aed8-aed517020b4e
1636902621547	Marionette	INFO	Listening on port 57875
1636902621931	RemoteAgent	WARN	TLS certificate errors will be ignored for this session
1636902622999	Marionette	INFO	Stopped listening on port 57875

###!!! [Child][MessageChannel] Error: (msgtype=0x590008,name=PHttpChannel::Msg_DeletingChannel) Channel closing: too late to send/recv, messages will be lost


###!!! [Child][MessageChannel] Error: (msgtype=0x390145,name=PContent::Msg_ScriptError) Channel closing: too late to send/recv, messages will be lost


###!!! [Child][MessageChannel] Error: (msgtype=0x680014,name=PNecko::Msg_PredLearn) Channel closing: too late to send/recv, messages will be lost


###!!! [Child][RunMessage] Error: Channel closing: too late to send/recv, messages will be lost


###!!! [Child][RunMessage] Error: Channel closing: too late to send/recv, messages will be lost


###!!! [Child][RunMessage] Error: Channel closing: too late to send/recv, messages will be lost


###!!! [Child][RunMessage] Error: Channel closing: too late to send/recv, messages will be lost


###!!! [Child][RunMessage] Error: Channel closing: too late to send/recv, messages will be lost


###!!! [Child][RunMessage] Error: Channel closing: too late to send/recv, messages will be lost


###!!! [Child][RunMessage] Error: Channel closing: too late to send/recv, messages will be lost


###!!! [Child][RunMessage] Error: Channel closing: too late to send/recv, messages will be lost


###!!! [Child][RunMessage] Error: Channel closing: too late to send/recv, messages will be lost


###!!! [Child][RunMessage] Error: Channel closing: too late to send/recv, messages will be lost


###!!! [Child][RunMessage] Error: Channel closing: too late to send/recv, messages will be lost


###!!! [Child][RunMessage] Error: Channel closing: too late to send/recv, messages will be lost


###!!! [Child][RunMessage] Error: Channel closing: too late to send/recv, messages will be lost


###!!! [Child][RunMessage] Error: Channel closing: too late to send/recv, messages will be lost


###!!! [Child][RunMessage] Error: Channel closing: too late to send/recv, messages will be lost


###!!! [Child][RunMessage] Error: Channel closing: too late to send/recv, messages will be lost


###!!! [Child][RunMessage] Error: Channel closing: too late to send/recv, messages will be lost


###!!! [Child][RunMessage] Error: Channel closing: too late to send/recv, messages will be lost


###!!! [Child][RunMessage] Error: Channel closing: too late to send/recv, messages will be lost


###!!! [Child][RunMessage] Error: Channel closing: too late to send/recv, messages will be lost


###!!! [Child][RunMessage] Error: Channel closing: too late to send/recv, messages will be lost


###!!! [Child][RunMessage] Error: Channel closing: too late to send/recv, messages will be lost


###!!! [Child][RunMessage] Error: Channel closing: too late to send/recv, messages will be lost


###!!! [Child][RunMessage] Error: Channel closing: too late to send/recv, messages will be lost


###!!! [Child][RunMessage] Error: Channel closing: too late to send/recv, messages will be lost


###!!! [Child][RunMessage] Error: Channel closing: too late to send/recv, messages will be lost


###!!! [Child][RunMessage] Error: Channel closing: too late to send/recv, messages will be lost


###!!! [Child][MessageChannel] Error: (msgtype=0x390145,name=PContent::Msg_ScriptError) Channel closing: too late to send/recv, messages will be lost


###!!! [Child][MessageChannel] Error: (msgtype=0x390145,name=PContent::Msg_ScriptError) Channel closing: too late to send/recv, messages will be lost


###!!! [Child][RunMessage] Error: Channel closing: too late to send/recv, messages will be lost


###!!! [Child][MessageChannel] Error: (msgtype=0x390145,name=PContent::Msg_ScriptError) Channel closing: too late to send/recv, messages will be lost


###!!! [Child][MessageChannel] Error: (msgtype=0x390145,name=PContent::Msg_ScriptError) Channel closing: too late to send/recv, messages will be lost


###!!! [Child][MessageChannel] Error: (msgtype=0x390145,name=PContent::Msg_ScriptError) Channel closing: too late to send/recv, messages will be lost


###!!! [Child][RunMessage] Error: Channel closing: too late to send/recv, messages will be lost


###!!! [Child][RunMessage] Error: Channel closing: too late to send/recv, messages will be lost


###!!! [Parent][MessageChannel] Error: (msgtype=0x39007A,name=PContent::Msg_DestroyBrowsingContextGroup) Closed channel: cannot send/recv

JavaScript error: resource://gre/modules/Sqlite.jsm, line 1059: Error: Sqlite.jsm has been shutdown. Cannot open connection to: C:\Users\Aaron\AppData\Local\Temp\rust_mozprofileXnhHFc\protections.sqlite

###!!! [Parent][RunMessage] Error: Channel closing: too late to send/recv, messages will be lost

1636902630979	geckodriver	INFO	Listening on 127.0.0.1:57922
1636902634059	mozrunner::runner	INFO	Running command: "C:\\Program Files\\Mozilla Firefox\\firefox.exe" "--marionette" "--headless" "--remote-debugging-port" "57923" "-no-remote" "-profile" "C:\\Users\\Aaron\\AppData\\Local\\Temp\\rust_mozprofilepzv9Ze"
*** You are running in headless mode.
1636902634323	Marionette	INFO	Marionette enabled
[GFX1-]: RenderCompositorSWGL failed mapping default framebuffer, no dt
console.warn: SearchSettings: "get: No settings file exists, new profile?" (new NotFoundError("Could not open the file at C:\\Users\\Aaron\\AppData\\Local\\Temp\\rust_mozprofilepzv9Ze\\search.json.mozlz4", (void 0)))
DevTools listening on ws://localhost:57923/devtools/browser/8d62684b-aceb-48db-9e98-c282efb69090
1636902635193	Marionette	INFO	Listening on port 57928
1636902635598	RemoteAgent	WARN	TLS certificate errors will be ignored for this session
1636902636866	Marionette	INFO	Stopped listening on port 57928
1636902660206	geckodriver	INFO	Listening on 127.0.0.1:58194
1636902663265	mozrunner::runner	INFO	Running command: "C:\\Program Files\\Mozilla Firefox\\firefox.exe" "--marionette" "--headless" "--remote-debugging-port" "58195" "-no-remote" "-profile" "C:\\Users\\Aaron\\AppData\\Local\\Temp\\rust_mozprofileAf1Xdr"
*** You are running in headless mode.
1636902663533	Marionette	INFO	Marionette enabled
[GFX1-]: RenderCompositorSWGL failed mapping default framebuffer, no dt
console.warn: SearchSettings: "get: No settings file exists, new profile?" (new NotFoundError("Could not open the file at C:\\Users\\Aaron\\AppData\\Local\\Temp\\rust_mozprofileAf1Xdr\\search.json.mozlz4", (void 0)))
DevTools listening on ws://localhost:58195/devtools/browser/f4af2554-27ce-414b-b176-0ea6ae1d2baf
1636902664489	Marionette	INFO	Listening on port 58200
1636902664807	RemoteAgent	WARN	TLS certificate errors will be ignored for this session
1636902666044	Marionette	INFO	Stopped listening on port 58200

###!!! [Parent][RunMessage] Error: Channel closing: too late to send/recv, messages will be lost

1636902730636	geckodriver	INFO	Listening on 127.0.0.1:51063
1636902733696	mozrunner::runner	INFO	Running command: "C:\\Program Files\\Mozilla Firefox\\firefox.exe" "--marionette" "--headless" "--remote-debugging-port" "51064" "-no-remote" "-profile" "C:\\Users\\Aaron\\AppData\\Local\\Temp\\rust_mozprofileoOjaVB"
*** You are running in headless mode.
1636902733951	Marionette	INFO	Marionette enabled
[GFX1-]: RenderCompositorSWGL failed mapping default framebuffer, no dt
console.warn: SearchSettings: "get: No settings file exists, new profile?" (new NotFoundError("Could not open the file at C:\\Users\\Aaron\\AppData\\Local\\Temp\\rust_mozprofileoOjaVB\\search.json.mozlz4", (void 0)))
DevTools listening on ws://localhost:51064/devtools/browser/aeac0044-a47b-4183-be10-352f6eef4947
1636902734821	Marionette	INFO	Listening on port 51069
1636902735233	RemoteAgent	WARN	TLS certificate errors will be ignored for this session
1636902737404	Marionette	INFO	Stopped listening on port 51069
[Parent 17416, IPC I/O Parent] WARNING: file /builds/worker/checkouts/gecko/ipc/chromium/src/base/process_util_win.cc:167

###!!! [Parent][RunMessage] Error: Channel closing: too late to send/recv, messages will be lost

1636902802205	geckodriver	INFO	Listening on 127.0.0.1:51140
1636902805261	mozrunner::runner	INFO	Running command: "C:\\Program Files\\Mozilla Firefox\\firefox.exe" "--marionette" "--headless" "--remote-debugging-port" "51141" "-no-remote" "-profile" "C:\\Users\\Aaron\\AppData\\Local\\Temp\\rust_mozprofile27t2CN"
*** You are running in headless mode.
1636902805541	Marionette	INFO	Marionette enabled
[GFX1-]: RenderCompositorSWGL failed mapping default framebuffer, no dt
console.warn: SearchSettings: "get: No settings file exists, new profile?" (new NotFoundError("Could not open the file at C:\\Users\\Aaron\\AppData\\Local\\Temp\\rust_mozprofile27t2CN\\search.json.mozlz4", (void 0)))
DevTools listening on ws://localhost:51141/devtools/browser/9eca96e4-52ba-4b7b-af39-1402a33237d4
1636902806469	Marionette	INFO	Listening on port 51146
1636902806795	RemoteAgent	WARN	TLS certificate errors will be ignored for this session
1636902808090	Marionette	INFO	Stopped listening on port 51146
1636903272861	geckodriver	INFO	Listening on 127.0.0.1:51227
1636903275904	mozrunner::runner	INFO	Running command: "C:\\Program Files\\Mozilla Firefox\\firefox.exe" "--marionette" "--headless" "--remote-debugging-port" "51228" "-no-remote" "-profile" "C:\\Users\\Aaron\\AppData\\Local\\Temp\\rust_mozprofileXcoPkQ"
*** You are running in headless mode.
1636903276166	Marionette	INFO	Marionette enabled
[GFX1-]: RenderCompositorSWGL failed mapping default framebuffer, no dt
console.warn: SearchSettings: "get: No settings file exists, new profile?" (new NotFoundError("Could not open the file at C:\\Users\\Aaron\\AppData\\Local\\Temp\\rust_mozprofileXcoPkQ\\search.json.mozlz4", (void 0)))
DevTools listening on ws://localhost:51228/devtools/browser/9cf25f1a-e29f-40aa-b9fc-c71cc267deb3
1636903277044	Marionette	INFO	Listening on port 51233
1636903277442	RemoteAgent	WARN	TLS certificate errors will be ignored for this session
1636903278450	Marionette	INFO	Stopped listening on port 51233
JavaScript error: resource://gre/modules/AsyncShutdown.jsm, line 718: Error: Phase "Sqlite.jsm: wait until all connections are closed" is finished, it is too late to register completion condition "protections.sqlite#0: waiting for shutdown"
1636903704678	geckodriver	INFO	Listening on 127.0.0.1:64615
1636903707748	mozrunner::runner	INFO	Running command: "C:\\Program Files\\Mozilla Firefox\\firefox.exe" "--marionette" "--headless" "--remote-debugging-port" "64616" "-no-remote" "-profile" "C:\\Users\\Aaron\\AppData\\Local\\Temp\\rust_mozprofileG82THw"
*** You are running in headless mode.
1636903708004	Marionette	INFO	Marionette enabled
[GFX1-]: RenderCompositorSWGL failed mapping default framebuffer, no dt
console.warn: SearchSettings: "get: No settings file exists, new profile?" (new NotFoundError("Could not open the file at C:\\Users\\Aaron\\AppData\\Local\\Temp\\rust_mozprofileG82THw\\search.json.mozlz4", (void 0)))
DevTools listening on ws://localhost:64616/devtools/browser/d2f96ee7-0568-4908-bd66-9a13d4774fb2
1636903708936	Marionette	INFO	Listening on port 64621
1636903709292	RemoteAgent	WARN	TLS certificate errors will be ignored for this session
1636903710967	Marionette	INFO	Stopped listening on port 64621

###!!! [Parent][RunMessage] Error: Channel closing: too late to send/recv, messages will be lost

1636903944825	geckodriver	INFO	Listening on 127.0.0.1:55778
1636903947902	mozrunner::runner	INFO	Running command: "C:\\Program Files\\Mozilla Firefox\\firefox.exe" "--marionette" "--headless" "--remote-debugging-port" "55779" "-no-remote" "-profile" "C:\\Users\\Aaron\\AppData\\Local\\Temp\\rust_mozprofilepjsuo7"
*** You are running in headless mode.
1636903948155	Marionette	INFO	Marionette enabled
[GFX1-]: RenderCompositorSWGL failed mapping default framebuffer, no dt
console.warn: SearchSettings: "get: No settings file exists, new profile?" (new NotFoundError("Could not open the file at C:\\Users\\Aaron\\AppData\\Local\\Temp\\rust_mozprofilepjsuo7\\search.json.mozlz4", (void 0)))
DevTools listening on ws://localhost:55779/devtools/browser/e98d6675-65ad-46f6-ad66-b0febf88a22c
1636903949153	Marionette	INFO	Listening on port 55784
1636903949455	RemoteAgent	WARN	TLS certificate errors will be ignored for this session
1636903951194	Marionette	INFO	Stopped listening on port 55784

###!!! [Parent][RunMessage] Error: Channel closing: too late to send/recv, messages will be lost

1636903989909	geckodriver	INFO	Listening on 127.0.0.1:55836
1636903992977	mozrunner::runner	INFO	Running command: "C:\\Program Files\\Mozilla Firefox\\firefox.exe" "--marionette" "--headless" "--remote-debugging-port" "55837" "-no-remote" "-profile" "C:\\Users\\Aaron\\AppData\\Local\\Temp\\rust_mozprofilemqHaBT"
*** You are running in headless mode.
1636903993237	Marionette	INFO	Marionette enabled
[GFX1-]: RenderCompositorSWGL failed mapping default framebuffer, no dt
console.warn: SearchSettings: "get: No settings file exists, new profile?" (new NotFoundError("Could not open the file at C:\\Users\\Aaron\\AppData\\Local\\Temp\\rust_mozprofilemqHaBT\\search.json.mozlz4", (void 0)))
DevTools listening on ws://localhost:55837/devtools/browser/768fc54e-73dd-4e3b-b10e-16bad832abde
1636903994168	Marionette	INFO	Listening on port 55842
1636903994538	RemoteAgent	WARN	TLS certificate errors will be ignored for this session
1636903995918	Marionette	INFO	Stopped listening on port 55842
1636905622751	geckodriver	INFO	Listening on 127.0.0.1:57666
1636905625822	mozrunner::runner	INFO	Running command: "C:\\Program Files\\Mozilla Firefox\\firefox.exe" "--marionette" "--headless" "--remote-debugging-port" "57667" "-no-remote" "-profile" "C:\\Users\\Aaron\\AppData\\Local\\Temp\\rust_mozprofilenUud1g"
*** You are running in headless mode.
1636905626074	Marionette	INFO	Marionette enabled
[GFX1-]: RenderCompositorSWGL failed mapping default framebuffer, no dt
console.warn: SearchSettings: "get: No settings file exists, new profile?" (new NotFoundError("Could not open the file at C:\\Users\\Aaron\\AppData\\Local\\Temp\\rust_mozprofilenUud1g\\search.json.mozlz4", (void 0)))
DevTools listening on ws://localhost:57667/devtools/browser/b2a5e8f1-aee5-4a34-a900-dee087c958b6
1636905627059	Marionette	INFO	Listening on port 57672
1636905627371	RemoteAgent	WARN	TLS certificate errors will be ignored for this session
1636905628974	Marionette	INFO	Stopped listening on port 57672

###!!! [Parent][RunMessage] Error: Channel closing: too late to send/recv, messages will be lost

1636905632235	geckodriver	INFO	Listening on 127.0.0.1:57727
1636905635308	mozrunner::runner	INFO	Running command: "C:\\Program Files\\Mozilla Firefox\\firefox.exe" "--marionette" "--headless" "--remote-debugging-port" "57728" "-no-remote" "-profile" "C:\\Users\\Aaron\\AppData\\Local\\Temp\\rust_mozprofileOwWnM1"
*** You are running in headless mode.
1636905635560	Marionette	INFO	Marionette enabled
[GFX1-]: RenderCompositorSWGL failed mapping default framebuffer, no dt
console.warn: SearchSettings: "get: No settings file exists, new profile?" (new NotFoundError("Could not open the file at C:\\Users\\Aaron\\AppData\\Local\\Temp\\rust_mozprofileOwWnM1\\search.json.mozlz4", (void 0)))
DevTools listening on ws://localhost:57728/devtools/browser/3e436041-cad2-4bc7-ab99-99c0f32b039b
1636905636479	Marionette	INFO	Listening on port 57833
1636905636868	RemoteAgent	WARN	TLS certificate errors will be ignored for this session
1636905638329	Marionette	INFO	Stopped listening on port 57833

###!!! [Parent][RunMessage] Error: Channel closing: too late to send/recv, messages will be lost

1636906338531	geckodriver	INFO	Listening on 127.0.0.1:53124
1636906341602	mozrunner::runner	INFO	Running command: "C:\\Program Files\\Mozilla Firefox\\firefox.exe" "--marionette" "--headless" "--remote-debugging-port" "53125" "-no-remote" "-profile" "C:\\Users\\Aaron\\AppData\\Local\\Temp\\rust_mozprofileUxhy5N"
*** You are running in headless mode.
1636906341854	Marionette	INFO	Marionette enabled
[GFX1-]: RenderCompositorSWGL failed mapping default framebuffer, no dt
console.warn: SearchSettings: "get: No settings file exists, new profile?" (new NotFoundError("Could not open the file at C:\\Users\\Aaron\\AppData\\Local\\Temp\\rust_mozprofileUxhy5N\\search.json.mozlz4", (void 0)))
DevTools listening on ws://localhost:53125/devtools/browser/9ff4a3b7-f510-4c33-8ae4-944f270e81c2
1636906342772	Marionette	INFO	Listening on port 53130
1636906343144	RemoteAgent	WARN	TLS certificate errors will be ignored for this session
1636906344398	Marionette	INFO	Stopped listening on port 53130
JavaScript error: resource://gre/modules/AsyncShutdown.jsm, line 718: Error: Phase "Sqlite.jsm: wait until all connections are closed" is finished, it is too late to register completion condition "protections.sqlite#0: waiting for shutdown"

###!!! [Parent][RunMessage] Error: Channel closing: too late to send/recv, messages will be lost

1636906358770	geckodriver	INFO	Listening on 127.0.0.1:53382
1636906361812	mozrunner::runner	INFO	Running command: "C:\\Program Files\\Mozilla Firefox\\firefox.exe" "--marionette" "--headless" "--remote-debugging-port" "53383" "-no-remote" "-profile" "C:\\Users\\Aaron\\AppData\\Local\\Temp\\rust_mozprofileFh3YV3"
*** You are running in headless mode.
1636906362067	Marionette	INFO	Marionette enabled
[GFX1-]: RenderCompositorSWGL failed mapping default framebuffer, no dt
console.warn: SearchSettings: "get: No settings file exists, new profile?" (new NotFoundError("Could not open the file at C:\\Users\\Aaron\\AppData\\Local\\Temp\\rust_mozprofileFh3YV3\\search.json.mozlz4", (void 0)))
DevTools listening on ws://localhost:53383/devtools/browser/66295b1b-6cdc-4324-9616-bdb1b5c231e3
1636906362983	Marionette	INFO	Listening on port 53388
1636906363344	RemoteAgent	WARN	TLS certificate errors will be ignored for this session
1636906364839	Marionette	INFO	Stopped listening on port 53388

###!!! [Child][MessageChannel] Error: (msgtype=0x59000C,name=PHttpChannel::Msg___delete__) Channel closing: too late to send/recv, messages will be lost


###!!! [Child][RunMessage] Error: Channel closing: too late to send/recv, messages will be lost


###!!! [Child][RunMessage] Error: Channel closing: too late to send/recv, messages will be lost


###!!! [Child][RunMessage] Error: Channel closing: too late to send/recv, messages will be lost


###!!! [Child][RunMessage] Error: Channel closing: too late to send/recv, messages will be lost


###!!! [Child][RunMessage] Error: Channel closing: too late to send/recv, messages will be lost


###!!! [Child][RunMessage] Error: Channel closing: too late to send/recv, messages will be lost


###!!! [Child][RunMessage] Error: Channel closing: too late to send/recv, messages will be lost


###!!! [Child][RunMessage] Error: Channel closing: too late to send/recv, messages will be lost


###!!! [Child][RunMessage] Error: Channel closing: too late to send/recv, messages will be lost


###!!! [Child][RunMessage] Error: Channel closing: too late to send/recv, messages will be lost


###!!! [Child][RunMessage] Error: Channel closing: too late to send/recv, messages will be lost


###!!! [Child][RunMessage] Error: Channel closing: too late to send/recv, messages will be lost


###!!! [Child][RunMessage] Error: Channel closing: too late to send/recv, messages will be lost


###!!! [Child][RunMessage] Error: Channel closing: too late to send/recv, messages will be lost


###!!! [Child][RunMessage] Error: Channel closing: too late to send/recv, messages will be lost


###!!! [Child][MessageChannel] Error: (msgtype=0x390145,name=PContent::Msg_ScriptError) Channel closing: too late to send/recv, messages will be lost


###!!! [Child][RunMessage] Error: Channel closing: too late to send/recv, messages will be lost


###!!! [Child][MessageChannel] Error: (msgtype=0x390145,name=PContent::Msg_ScriptError) Channel closing: too late to send/recv, messages will be lost


###!!! [Child][MessageChannel] Error: (msgtype=0x390145,name=PContent::Msg_ScriptError) Channel closing: too late to send/recv, messages will be lost


###!!! [Child][RunMessage] Error: Channel closing: too late to send/recv, messages will be lost


###!!! [Child][MessageChannel] Error: (msgtype=0x390145,name=PContent::Msg_ScriptError) Channel closing: too late to send/recv, messages will be lost


###!!! [Child][RunMessage] Error: Channel closing: too late to send/recv, messages will be lost


###!!! [Child][RunMessage] Error: Channel closing: too late to send/recv, messages will be lost


###!!! [Child][MessageChannel] Error: (msgtype=0x390145,name=PContent::Msg_ScriptError) Channel closing: too late to send/recv, messages will be lost


###!!! [Child][RunMessage] Error: Channel closing: too late to send/recv, messages will be lost


###!!! [Child][RunMessage] Error: Channel closing: too late to send/recv, messages will be lost


###!!! [Child][MessageChannel] Error: (msgtype=0x390145,name=PContent::Msg_ScriptError) Channel closing: too late to send/recv, messages will be lost


###!!! [Parent][MessageChannel] Error: (msgtype=0x39007A,name=PContent::Msg_DestroyBrowsingContextGroup) Closed channel: cannot send/recv

JavaScript error: resource://gre/modules/Sqlite.jsm, line 1059: Error: Sqlite.jsm has been shutdown. Cannot open connection to: C:\Users\Aaron\AppData\Local\Temp\rust_mozprofileFh3YV3\protections.sqlite

###!!! [Parent][RunMessage] Error: Channel closing: too late to send/recv, messages will be lost

1636906397486	geckodriver	INFO	Listening on 127.0.0.1:53438
1636906400552	mozrunner::runner	INFO	Running command: "C:\\Program Files\\Mozilla Firefox\\firefox.exe" "--marionette" "--headless" "--remote-debugging-port" "53439" "-no-remote" "-profile" "C:\\Users\\Aaron\\AppData\\Local\\Temp\\rust_mozprofileayhHZc"
*** You are running in headless mode.
1636906400818	Marionette	INFO	Marionette enabled
[GFX1-]: RenderCompositorSWGL failed mapping default framebuffer, no dt
console.warn: SearchSettings: "get: No settings file exists, new profile?" (new NotFoundError("Could not open the file at C:\\Users\\Aaron\\AppData\\Local\\Temp\\rust_mozprofileayhHZc\\search.json.mozlz4", (void 0)))
DevTools listening on ws://localhost:53439/devtools/browser/5034a059-d14f-40d7-95af-46871a895150
1636906401739	Marionette	INFO	Listening on port 53444
1636906402098	RemoteAgent	WARN	TLS certificate errors will be ignored for this session
1636906403592	Marionette	INFO	Stopped listening on port 53444
[Parent 14688, IPC I/O Parent] WARNING: file /builds/worker/checkouts/gecko/ipc/chromium/src/base/process_util_win.cc:167

###!!! [Parent][RunMessage] Error: Channel closing: too late to send/recv, messages will be lost

1636906422138	geckodriver	INFO	Listening on 127.0.0.1:53498
1636906425207	mozrunner::runner	INFO	Running command: "C:\\Program Files\\Mozilla Firefox\\firefox.exe" "--marionette" "--headless" "--remote-debugging-port" "53499" "-no-remote" "-profile" "C:\\Users\\Aaron\\AppData\\Local\\Temp\\rust_mozprofileVASEFt"
*** You are running in headless mode.
1636906425458	Marionette	INFO	Marionette enabled
[GFX1-]: RenderCompositorSWGL failed mapping default framebuffer, no dt
console.warn: SearchSettings: "get: No settings file exists, new profile?" (new NotFoundError("Could not open the file at C:\\Users\\Aaron\\AppData\\Local\\Temp\\rust_mozprofileVASEFt\\search.json.mozlz4", (void 0)))
DevTools listening on ws://localhost:53499/devtools/browser/75edc2b8-6382-4a24-9ef9-e92bf80b261d
1636906426368	Marionette	INFO	Listening on port 53504
1636906426737	RemoteAgent	WARN	TLS certificate errors will be ignored for this session
1636906428970	Marionette	INFO	Stopped listening on port 53504

###!!! [Parent][RunMessage] Error: Channel closing: too late to send/recv, messages will be lost

1636908124772	geckodriver	INFO	Listening on 127.0.0.1:59241
1636908127820	mozrunner::runner	INFO	Running command: "C:\\Program Files\\Mozilla Firefox\\firefox.exe" "--marionette" "--headless" "--remote-debugging-port" "59242" "-no-remote" "-profile" "C:\\Users\\Aaron\\AppData\\Local\\Temp\\rust_mozprofileD1uemR"
*** You are running in headless mode.
1636908128066	Marionette	INFO	Marionette enabled
[GFX1-]: RenderCompositorSWGL failed mapping default framebuffer, no dt
console.warn: SearchSettings: "get: No settings file exists, new profile?" (new NotFoundError("Could not open the file at C:\\Users\\Aaron\\AppData\\Local\\Temp\\rust_mozprofileD1uemR\\search.json.mozlz4", (void 0)))
DevTools listening on ws://localhost:59242/devtools/browser/86ca8377-2b68-48b2-998c-f364b1c232e6
1636908128941	Marionette	INFO	Listening on port 59247
1636908129373	RemoteAgent	WARN	TLS certificate errors will be ignored for this session
1636908131349	Marionette	INFO	Stopped listening on port 59247
1636908183504	geckodriver	INFO	Listening on 127.0.0.1:59316
1636908186567	mozrunner::runner	INFO	Running command: "C:\\Program Files\\Mozilla Firefox\\firefox.exe" "--marionette" "--headless" "--remote-debugging-port" "59317" "-no-remote" "-profile" "C:\\Users\\Aaron\\AppData\\Local\\Temp\\rust_mozprofilepczPYD"
*** You are running in headless mode.
1636908186821	Marionette	INFO	Marionette enabled
[GFX1-]: RenderCompositorSWGL failed mapping default framebuffer, no dt
console.warn: SearchSettings: "get: No settings file exists, new profile?" (new NotFoundError("Could not open the file at C:\\Users\\Aaron\\AppData\\Local\\Temp\\rust_mozprofilepczPYD\\search.json.mozlz4", (void 0)))
DevTools listening on ws://localhost:59317/devtools/browser/66ea090c-604f-4ded-8a26-9f7feba8d549
1636908187723	Marionette	INFO	Listening on port 59323
1636908188098	RemoteAgent	WARN	TLS certificate errors will be ignored for this session
1636908190278	Marionette	INFO	Stopped listening on port 59323

###!!! [Parent][RunMessage] Error: Channel closing: too late to send/recv, messages will be lost

1637003589944	geckodriver	INFO	Listening on 127.0.0.1:59678
1637003592974	mozrunner::runner	INFO	Running command: "C:\\Program Files\\Mozilla Firefox\\firefox.exe" "--marionette" "--headless" "--remote-debugging-port" "59679" "-no-remote" "-profile" "C:\\Users\\Aaron\\AppData\\Local\\Temp\\rust_mozprofilesHSiui"
*** You are running in headless mode.
1637003593307	Marionette	INFO	Marionette enabled
[GFX1-]: RenderCompositorSWGL failed mapping default framebuffer, no dt
console.warn: SearchSettings: "get: No settings file exists, new profile?" (new NotFoundError("Could not open the file at C:\\Users\\Aaron\\AppData\\Local\\Temp\\rust_mozprofilesHSiui\\search.json.mozlz4", (void 0)))
DevTools listening on ws://localhost:59679/devtools/browser/b7c25cb1-778a-430e-abe8-d0c07bdf52df
1637003594324	Marionette	INFO	Listening on port 59684
1637003594526	RemoteAgent	WARN	TLS certificate errors will be ignored for this session
1637003596511	Marionette	INFO	Stopped listening on port 59684

###!!! [Parent][RunMessage] Error: Channel closing: too late to send/recv, messages will be lost

1637003611094	geckodriver	INFO	Listening on 127.0.0.1:59754
1637003614141	mozrunner::runner	INFO	Running command: "C:\\Program Files\\Mozilla Firefox\\firefox.exe" "--marionette" "--headless" "--remote-debugging-port" "59755" "-no-remote" "-profile" "C:\\Users\\Aaron\\AppData\\Local\\Temp\\rust_mozprofilegvfgDd"
*** You are running in headless mode.
1637003614419	Marionette	INFO	Marionette enabled
[GFX1-]: RenderCompositorSWGL failed mapping default framebuffer, no dt
console.warn: SearchSettings: "get: No settings file exists, new profile?" (new NotFoundError("Could not open the file at C:\\Users\\Aaron\\AppData\\Local\\Temp\\rust_mozprofilegvfgDd\\search.json.mozlz4", (void 0)))
DevTools listening on ws://localhost:59755/devtools/browser/2fd637fc-ba2a-4cbf-a5b8-abbab6a19493
1637003615335	Marionette	INFO	Listening on port 59760
1637003615695	RemoteAgent	WARN	TLS certificate errors will be ignored for this session
console.log: WebExtensions: reset-default-search: starting.
console.log: WebExtensions: reset-default-search: No addons in our list are installed.
JavaScript error: , line 0: NS_ERROR_NOT_AVAILABLE
-debugging-port" "59862" "-no-remote" "-profile" "C:\\Users\\Aaron\\AppData\\Local\\Temp\\rust_mozprofileRlOxcW"
*** You are running in headless mode.
1637003626240	Marionette	INFO	Marionette enabled
[GFX1-]: RenderCompositorSWGL failed mapping default framebuffer, no dt
console.warn: SearchSettings: "get: No settings file exists, new profile?" (new NotFoundError("Could not open the file at C:\\Users\\Aaron\\AppData\\Local\\Temp\\rust_mozprofileRlOxcW\\search.json.mozlz4", (void 0)))
DevTools listening on ws://localhost:59862/devtools/browser/1b018a86-0ae7-4172-b09b-fb4fd9910184
1637003627144	Marionette	INFO	Listening on port 59867
1637003627530	RemoteAgent	WARN	TLS certificate errors will be ignored for this session
1637003634039	Marionette	INFO	Stopped listening on port 59867
1637003666917	geckodriver	INFO	Listening on 127.0.0.1:59945
1637003669971	mozrunner::runner	INFO	Running command: "C:\\Program Files\\Mozilla Firefox\\firefox.exe" "--marionette" "--headless" "--remote-debugging-port" "59946" "-no-remote" "-profile" "C:\\Users\\Aaron\\AppData\\Local\\Temp\\rust_mozprofiledg4vWk"
*** You are running in headless mode.
1637003670271	Marionette	INFO	Marionette enabled
[GFX1-]: RenderCompositorSWGL failed mapping default framebuffer, no dt
console.warn: SearchSettings: "get: No settings file exists, new profile?" (new NotFoundError("Could not open the file at C:\\Users\\Aaron\\AppData\\Local\\Temp\\rust_mozprofiledg4vWk\\search.json.mozlz4", (void 0)))
DevTools listening on ws://localhost:59946/devtools/browser/4925fd72-e26a-4753-a29c-1096907b746e
1637003671151	Marionette	INFO	Listening on port 59951
1637003671521	RemoteAgent	WARN	TLS certificate errors will be ignored for this session
1637003673392	Marionette	INFO	Stopped listening on port 59951

###!!! [Parent][RunMessage] Error: Channel closing: too late to send/recv, messages will be lost

1637003772859	geckodriver	INFO	Listening on 127.0.0.1:60076
1637003775906	mozrunner::runner	INFO	Running command: "C:\\Program Files\\Mozilla Firefox\\firefox.exe" "--marionette" "--headless" "--remote-debugging-port" "60077" "-no-remote" "-profile" "C:\\Users\\Aaron\\AppData\\Local\\Temp\\rust_mozprofile1wcpF9"
*** You are running in headless mode.
1637003776163	Marionette	INFO	Marionette enabled
[GFX1-]: RenderCompositorSWGL failed mapping default framebuffer, no dt
console.warn: SearchSettings: "get: No settings file exists, new profile?" (new NotFoundError("Could not open the file at C:\\Users\\Aaron\\AppData\\Local\\Temp\\rust_mozprofile1wcpF9\\search.json.mozlz4", (void 0)))
DevTools listening on ws://localhost:60077/devtools/browser/cd0c036e-c464-4259-8094-1264becc2745
1637003777071	Marionette	INFO	Listening on port 60082
1637003777452	RemoteAgent	WARN	TLS certificate errors will be ignored for this session
1637003780288	Marionette	INFO	Stopped listening on port 60082
1637003872105	geckodriver	INFO	Listening on 127.0.0.1:60159
1637003875130	mozrunner::runner	INFO	Running command: "C:\\Program Files\\Mozilla Firefox\\firefox.exe" "--marionette" "--headless" "--remote-debugging-port" "60160" "-no-remote" "-profile" "C:\\Users\\Aaron\\AppData\\Local\\Temp\\rust_mozprofileSakzj6"
*** You are running in headless mode.
1637003875409	Marionette	INFO	Marionette enabled
[GFX1-]: RenderCompositorSWGL failed mapping default framebuffer, no dt
console.warn: SearchSettings: "get: No settings file exists, new profile?" (new NotFoundError("Could not open the file at C:\\Users\\Aaron\\AppData\\Local\\Temp\\rust_mozprofileSakzj6\\search.json.mozlz4", (void 0)))
DevTools listening on ws://localhost:60160/devtools/browser/c409601a-eaf9-43cc-b33e-4e2fab55a81a
1637003876313	Marionette	INFO	Listening on port 60165
1637003876680	RemoteAgent	WARN	TLS certificate errors will be ignored for this session
1637003878821	Marionette	INFO	Stopped listening on port 60165

###!!! [Child][RunMessage] Error: Channel closing: too late to send/recv, messages will be lost


###!!! [Parent][MessageChannel] Error: (msgtype=0x39007A,name=PContent::Msg_DestroyBrowsingContextGroup) Closed channel: cannot send/recv

JavaScript error: resource://gre/modules/Sqlite.jsm, line 1059: Error: Sqlite.jsm has been shutdown. Cannot open connection to: C:\Users\Aaron\AppData\Local\Temp\rust_mozprofileSakzj6\protections.sqlite

###!!! [Parent][RunMessage] Error: Channel closing: too late to send/recv, messages will be lost

1637006091033	geckodriver	INFO	Listening on 127.0.0.1:60361
1637006094064	mozrunner::runner	INFO	Running command: "C:\\Program Files\\Mozilla Firefox\\firefox.exe" "--marionette" "--headless" "--remote-debugging-port" "60362" "-no-remote" "-profile" "C:\\Users\\Aaron\\AppData\\Local\\Temp\\rust_mozprofilelEj1Pv"
*** You are running in headless mode.
1637006094376	Marionette	INFO	Marionette enabled
[GFX1-]: RenderCompositorSWGL failed mapping default framebuffer, no dt
console.warn: SearchSettings: "get: No settings file exists, new profile?" (new NotFoundError("Could not open the file at C:\\Users\\Aaron\\AppData\\Local\\Temp\\rust_mozprofilelEj1Pv\\search.json.mozlz4", (void 0)))
DevTools listening on ws://localhost:60362/devtools/browser/d8af2211-c493-4460-89ae-fdd4fad4b366
1637006095317	Marionette	INFO	Listening on port 60367
1637006095602	RemoteAgent	WARN	TLS certificate errors will be ignored for this session
1637006097763	Marionette	INFO	Stopped listening on port 60367

###!!! [Parent][RunMessage] Error: Channel closing: too late to send/recv, messages will be lost

1637006147178	geckodriver	INFO	Listening on 127.0.0.1:60441
1637006150221	mozrunner::runner	INFO	Running command: "C:\\Program Files\\Mozilla Firefox\\firefox.exe" "--marionette" "--headless" "--remote-debugging-port" "60442" "-no-remote" "-profile" "C:\\Users\\Aaron\\AppData\\Local\\Temp\\rust_mozprofilet3b0De"
*** You are running in headless mode.
1637006150504	Marionette	INFO	Marionette enabled
[GFX1-]: RenderCompositorSWGL failed mapping default framebuffer, no dt
console.warn: SearchSettings: "get: No settings file exists, new profile?" (new NotFoundError("Could not open the file at C:\\Users\\Aaron\\AppData\\Local\\Temp\\rust_mozprofilet3b0De\\search.json.mozlz4", (void 0)))
DevTools listening on ws://localhost:60442/devtools/browser/6e79a1a1-b1ac-4983-9d03-8464b48538cf
1637006151423	Marionette	INFO	Listening on port 60447
1637006151766	RemoteAgent	WARN	TLS certificate errors will be ignored for this session
1637006155161	Marionette	INFO	Stopped listening on port 60447
1637006333511	geckodriver	INFO	Listening on 127.0.0.1:60536
1637006336556	mozrunner::runner	INFO	Running command: "C:\\Program Files\\Mozilla Firefox\\firefox.exe" "--marionette" "--headless" "--remote-debugging-port" "60537" "-no-remote" "-profile" "C:\\Users\\Aaron\\AppData\\Local\\Temp\\rust_mozprofileTXTipj"
*** You are running in headless mode.
1637006336815	Marionette	INFO	Marionette enabled
[GFX1-]: RenderCompositorSWGL failed mapping default framebuffer, no dt
console.warn: SearchSettings: "get: No settings file exists, new profile?" (new NotFoundError("Could not open the file at C:\\Users\\Aaron\\AppData\\Local\\Temp\\rust_mozprofileTXTipj\\search.json.mozlz4", (void 0)))
DevTools listening on ws://localhost:60537/devtools/browser/aff37bd0-d4b3-477a-8ab4-2043b5614abd
1637006337875	Marionette	INFO	Listening on port 60542
1637006338113	RemoteAgent	WARN	TLS certificate errors will be ignored for this session
1637006341852	Marionette	INFO	Stopped listening on port 60542

###!!! [Parent][RunMessage] Error: Channel closing: too late to send/recv, messages will be lost

1637006486028	geckodriver	INFO	Listening on 127.0.0.1:60635
1637006489085	mozrunner::runner	INFO	Running command: "C:\\Program Files\\Mozilla Firefox\\firefox.exe" "--marionette" "--headless" "--remote-debugging-port" "60636" "-no-remote" "-profile" "C:\\Users\\Aaron\\AppData\\Local\\Temp\\rust_mozprofileD8BxQg"
*** You are running in headless mode.
1637006489368	Marionette	INFO	Marionette enabled
[GFX1-]: RenderCompositorSWGL failed mapping default framebuffer, no dt
console.warn: SearchSettings: "get: No settings file exists, new profile?" (new NotFoundError("Could not open the file at C:\\Users\\Aaron\\AppData\\Local\\Temp\\rust_mozprofileD8BxQg\\search.json.mozlz4", (void 0)))
DevTools listening on ws://localhost:60636/devtools/browser/5324aa97-7060-4206-b971-54903f683f33
1637006490584	Marionette	INFO	Listening on port 60641
console.log: WebExtensions: reset-default-search: starting.
console.log: WebExtensions: reset-default-search: No addons in our list are installed.
JavaScript error: , line 0: NS_ERROR_NOT_AVAILABLE
-debugging-port" "60683" "-no-remote" "-profile" "C:\\Users\\Aaron\\AppData\\Local\\Temp\\rust_mozprofileFhliih"
*** You are running in headless mode.
1637006514769	Marionette	INFO	Marionette enabled
[GFX1-]: RenderCompositorSWGL failed mapping default framebuffer, no dt
console.warn: SearchSettings: "get: No settings file exists, new profile?" (new NotFoundError("Could not open the file at C:\\Users\\Aaron\\AppData\\Local\\Temp\\rust_mozprofileFhliih\\search.json.mozlz4", (void 0)))
DevTools listening on ws://localhost:60683/devtools/browser/9833312c-f9cd-4ab9-ae34-c2e63c872259
1637006515669	Marionette	INFO	Listening on port 60688
1637006516052	RemoteAgent	WARN	TLS certificate errors will be ignored for this session
1637006520438	Marionette	INFO	Stopped listening on port 60688

###!!! [Parent][RunMessage] Error: Channel closing: too late to send/recv, messages will be lost

1637006556099	geckodriver	INFO	Listening on 127.0.0.1:60793
1637006559148	mozrunner::runner	INFO	Running command: "C:\\Program Files\\Mozilla Firefox\\firefox.exe" "--marionette" "--headless" "--remote-debugging-port" "60794" "-no-remote" "-profile" "C:\\Users\\Aaron\\AppData\\Local\\Temp\\rust_mozprofileoBd1jY"
*** You are running in headless mode.
1637006559404	Marionette	INFO	Marionette enabled
[GFX1-]: RenderCompositorSWGL failed mapping default framebuffer, no dt
console.warn: SearchSettings: "get: No settings file exists, new profile?" (new NotFoundError("Could not open the file at C:\\Users\\Aaron\\AppData\\Local\\Temp\\rust_mozprofileoBd1jY\\search.json.mozlz4", (void 0)))
DevTools listening on ws://localhost:60794/devtools/browser/81fa222e-6662-4fc6-ae6d-d22a69cf5ccf
1637006560302	Marionette	INFO	Listening on port 60799
1637006560700	RemoteAgent	WARN	TLS certificate errors will be ignored for this session
1637006567792	Marionette	INFO	Stopped listening on port 60799
1637006689425	geckodriver	INFO	Listening on 127.0.0.1:60908
1637006692469	mozrunner::runner	INFO	Running command: "C:\\Program Files\\Mozilla Firefox\\firefox.exe" "--marionette" "--headless" "--remote-debugging-port" "60909" "-no-remote" "-profile" "C:\\Users\\Aaron\\AppData\\Local\\Temp\\rust_mozprofileMyVyrD"
*** You are running in headless mode.
1637006692722	Marionette	INFO	Marionette enabled
[GFX1-]: RenderCompositorSWGL failed mapping default framebuffer, no dt
console.warn: SearchSettings: "get: No settings file exists, new profile?" (new NotFoundError("Could not open the file at C:\\Users\\Aaron\\AppData\\Local\\Temp\\rust_mozprofileMyVyrD\\search.json.mozlz4", (void 0)))
DevTools listening on ws://localhost:60909/devtools/browser/c0dabeb4-d94b-4ec1-9a21-f024402600f5
1637006693711	Marionette	INFO	Listening on port 60914
1637006694022	RemoteAgent	WARN	TLS certificate errors will be ignored for this session
1637006701205	Marionette	INFO	Stopped listening on port 60914

###!!! [Parent][MessageChannel] Error: (msgtype=0x39007A,name=PContent::Msg_DestroyBrowsingContextGroup) Closed channel: cannot send/recv

1637006824515	geckodriver	INFO	Listening on 127.0.0.1:61030
1637006827577	mozrunner::runner	INFO	Running command: "C:\\Program Files\\Mozilla Firefox\\firefox.exe" "--marionette" "--headless" "--remote-debugging-port" "61031" "-no-remote" "-profile" "C:\\Users\\Aaron\\AppData\\Local\\Temp\\rust_mozprofileeb1W4V"
*** You are running in headless mode.
1637006827888	Marionette	INFO	Marionette enabled
[GFX1-]: RenderCompositorSWGL failed mapping default framebuffer, no dt
console.warn: SearchSettings: "get: No settings file exists, new profile?" (new NotFoundError("Could not open the file at C:\\Users\\Aaron\\AppData\\Local\\Temp\\rust_mozprofileeb1W4V\\search.json.mozlz4", (void 0)))
DevTools listening on ws://localhost:61031/devtools/browser/9f097dd9-2d6b-4308-8966-634c4f60ad8c
1637006828818	Marionette	INFO	Listening on port 61036
1637006829117	RemoteAgent	WARN	TLS certificate errors will be ignored for this session
1637006837169	Marionette	INFO	Stopped listening on port 61036

###!!! [Parent][MessageChannel] Error: (msgtype=0x39007A,name=PContent::Msg_DestroyBrowsingContextGroup) Closed channel: cannot send/recv

1637026742482	geckodriver	INFO	Listening on 127.0.0.1:54625
1637026745521	mozrunner::runner	INFO	Running command: "C:\\Program Files\\Mozilla Firefox\\firefox.exe" "--marionette" "--headless" "--remote-debugging-port" "54626" "-no-remote" "-profile" "C:\\Users\\Aaron\\AppData\\Local\\Temp\\rust_mozprofile1KGBna"
*** You are running in headless mode.
1637026745892	Marionette	INFO	Marionette enabled
[GFX1-]: RenderCompositorSWGL failed mapping default framebuffer, no dt
console.warn: SearchSettings: "get: No settings file exists, new profile?" (new NotFoundError("Could not open the file at C:\\Users\\Aaron\\AppData\\Local\\Temp\\rust_mozprofile1KGBna\\search.json.mozlz4", (void 0)))
DevTools listening on ws://localhost:54626/devtools/browser/3b8fe3bf-a423-4113-ab17-3a1a2e6deef3
1637026747167	Marionette	INFO	Listening on port 54631
1637026747582	RemoteAgent	WARN	TLS certificate errors will be ignored for this session
1637026747593	Marionette	INFO	Stopped listening on port 54631
1637026761722	geckodriver	INFO	Listening on 127.0.0.1:54659
1637026764764	mozrunner::runner	INFO	Running command: "C:\\Program Files\\Mozilla Firefox\\firefox.exe" "--marionette" "--headless" "--remote-debugging-port" "54660" "-no-remote" "-profile" "C:\\Users\\Aaron\\AppData\\Local\\Temp\\rust_mozprofilewF7AkH"
*** You are running in headless mode.
1637026765039	Marionette	INFO	Marionette enabled
[GFX1-]: RenderCompositorSWGL failed mapping default framebuffer, no dt
console.warn: SearchSettings: "get: No settings file exists, new profile?" (new NotFoundError("Could not open the file at C:\\Users\\Aaron\\AppData\\Local\\Temp\\rust_mozprofilewF7AkH\\search.json.mozlz4", (void 0)))
DevTools listening on ws://localhost:54660/devtools/browser/73ce5045-8d5a-46e5-b6a7-103352eb3c0d
1637026766235	Marionette	INFO	Listening on port 54665
1637026766310	RemoteAgent	WARN	TLS certificate errors will be ignored for this session
1637026779840	Marionette	INFO	Stopped listening on port 54665

###!!! [Parent][MessageChannel] Error: (msgtype=0x39007A,name=PContent::Msg_DestroyBrowsingContextGroup) Closed channel: cannot send/recv


###!!! [Parent][RunMessage] Error: Channel closing: too late to send/recv, messages will be lost

1637026821817	geckodriver	INFO	Listening on 127.0.0.1:54781
1637026824866	mozrunner::runner	INFO	Running command: "C:\\Program Files\\Mozilla Firefox\\firefox.exe" "--marionette" "--headless" "--remote-debugging-port" "54782" "-no-remote" "-profile" "C:\\Users\\Aaron\\AppData\\Local\\Temp\\rust_mozprofileZcZwyD"
*** You are running in headless mode.
1637026825142	Marionette	INFO	Marionette enabled
[GFX1-]: RenderCompositorSWGL failed mapping default framebuffer, no dt
console.warn: SearchSettings: "get: No settings file exists, new profile?" (new NotFoundError("Could not open the file at C:\\Users\\Aaron\\AppData\\Local\\Temp\\rust_mozprofileZcZwyD\\search.json.mozlz4", (void 0)))
DevTools listening on ws://localhost:54782/devtools/browser/69a96012-d402-401f-8299-64344996ec9d
1637026826049	Marionette	INFO	Listening on port 54787
1637026826408	RemoteAgent	WARN	TLS certificate errors will be ignored for this session
1637026828571	Marionette	INFO	Stopped listening on port 54787
1637156869740	geckodriver	INFO	Listening on 127.0.0.1:50967
1637156872782	mozrunner::runner	INFO	Running command: "C:\\Program Files\\Mozilla Firefox\\firefox.exe" "--marionette" "--headless" "--remote-debugging-port" "50968" "-no-remote" "-profile" "C:\\Users\\Aaron\\AppData\\Local\\Temp\\rust_mozprofile7H1EHQ"
*** You are running in headless mode.
1637156873085	Marionette	INFO	Marionette enabled
[GFX1-]: RenderCompositorSWGL failed mapping default framebuffer, no dt
console.warn: SearchSettings: "get: No settings file exists, new profile?" (new NotFoundError("Could not open the file at C:\\Users\\Aaron\\AppData\\Local\\Temp\\rust_mozprofile7H1EHQ\\search.json.mozlz4", (void 0)))
DevTools listening on ws://localhost:50968/devtools/browser/110d78e0-c50e-46ce-80f4-0cf2c2f67f2e
1637156874181	Marionette	INFO	Listening on port 50973
1637156874321	RemoteAgent	WARN	TLS certificate errors will be ignored for this session
1637156876436	Marionette	INFO	Stopped listening on port 50973
JavaScript error: resource://gre/modules/UrlClassifierListManager.jsm, line 691: TypeError: this.tablesData[table] is undefined

###!!! [Parent][RunMessage] Error: Channel closing: too late to send/recv, messages will be lost

